This file contains any messages produced by compilers while
running configure, to aid debugging if configure makes a mistake.

It was created by pi-tm1638 configure 1.0, which was
generated by GNU Autoconf 2.69.  Invocation command line was

  $ ./configure 

## --------- ##
## Platform. ##
## --------- ##

hostname = iepie09876
uname -m = armv7l
uname -r = 4.4.9-v7+
uname -s = Linux
uname -v = #884 SMP Fri May 6 17:28:59 BST 2016

/usr/bin/uname -p = unknown
/bin/uname -X     = unknown

/bin/arch              = unknown
/usr/bin/arch -k       = unknown
/usr/convex/getsysinfo = unknown
/usr/bin/hostinfo      = unknown
/bin/machine           = unknown
/usr/bin/oslevel       = unknown
/bin/universe          = unknown

PATH: /usr/local/sbin
PATH: /usr/local/bin
PATH: /usr/sbin
PATH: /usr/bin
PATH: /sbin
PATH: /bin


## ----------- ##
## Core tests. ##
## ----------- ##

configure:2120: checking for a BSD-compatible install
configure:2188: result: /usr/bin/install -c
configure:2199: checking whether build environment is sane
configure:2249: result: yes
configure:2390: checking for a thread-safe mkdir -p
configure:2429: result: /bin/mkdir -p
configure:2442: checking for gawk
configure:2472: result: no
configure:2442: checking for mawk
configure:2458: found /usr/bin/mawk
configure:2469: result: mawk
configure:2480: checking whether make sets $(MAKE)
configure:2502: result: yes
configure:2632: checking for gcc
configure:2648: found /usr/bin/gcc
configure:2659: result: gcc
configure:2888: checking for C compiler version
configure:2897: gcc --version >&5
gcc (Raspbian 4.9.2-10) 4.9.2
Copyright (C) 2014 Free Software Foundation, Inc.
This is free software; see the source for copying conditions.  There is NO
warranty; not even for MERCHANTABILITY or FITNESS FOR A PARTICULAR PURPOSE.

configure:2908: $? = 0
configure:2897: gcc -v >&5
Using built-in specs.
COLLECT_GCC=gcc
COLLECT_LTO_WRAPPER=/usr/lib/gcc/arm-linux-gnueabihf/4.9/lto-wrapper
Target: arm-linux-gnueabihf
Configured with: ../src/configure -v --with-pkgversion='Raspbian 4.9.2-10' --with-bugurl=file:///usr/share/doc/gcc-4.9/README.Bugs --enable-languages=c,c++,java,go,d,fortran,objc,obj-c++ --prefix=/usr --program-suffix=-4.9 --enable-shared --enable-linker-build-id --libexecdir=/usr/lib --without-included-gettext --enable-threads=posix --with-gxx-include-dir=/usr/include/c++/4.9 --libdir=/usr/lib --enable-nls --with-sysroot=/ --enable-clocale=gnu --enable-libstdcxx-debug --enable-libstdcxx-time=yes --enable-gnu-unique-object --disable-libitm --disable-libquadmath --enable-plugin --with-system-zlib --disable-browser-plugin --enable-java-awt=gtk --enable-gtk-cairo --with-java-home=/usr/lib/jvm/java-1.5.0-gcj-4.9-armhf/jre --enable-java-home --with-jvm-root-dir=/usr/lib/jvm/java-1.5.0-gcj-4.9-armhf --with-jvm-jar-dir=/usr/lib/jvm-exports/java-1.5.0-gcj-4.9-armhf --with-arch-directory=arm --with-ecj-jar=/usr/share/java/eclipse-ecj.jar --enable-objc-gc --enable-multiarch --disable-sjlj-exceptions --with-arch=armv6 --with-fpu=vfp --with-float=hard --enable-checking=release --build=arm-linux-gnueabihf --host=arm-linux-gnueabihf --target=arm-linux-gnueabihf
Thread model: posix
gcc version 4.9.2 (Raspbian 4.9.2-10) 
configure:2908: $? = 0
configure:2897: gcc -V >&5
gcc: error: unrecognized command line option '-V'
gcc: fatal error: no input files
compilation terminated.
configure:2908: $? = 4
configure:2897: gcc -qversion >&5
gcc: error: unrecognized command line option '-qversion'
gcc: fatal error: no input files
compilation terminated.
configure:2908: $? = 4
configure:2928: checking whether the C compiler works
configure:2950: gcc    conftest.c  >&5
configure:2954: $? = 0
configure:3002: result: yes
configure:3005: checking for C compiler default output file name
configure:3007: result: a.out
configure:3013: checking for suffix of executables
configure:3020: gcc -o conftest    conftest.c  >&5
configure:3024: $? = 0
configure:3046: result: 
configure:3068: checking whether we are cross compiling
configure:3076: gcc -o conftest    conftest.c  >&5
configure:3080: $? = 0
configure:3087: ./conftest
configure:3091: $? = 0
configure:3106: result: no
configure:3111: checking for suffix of object files
configure:3133: gcc -c   conftest.c >&5
configure:3137: $? = 0
configure:3158: result: o
configure:3162: checking whether we are using the GNU C compiler
configure:3181: gcc -c   conftest.c >&5
configure:3181: $? = 0
configure:3190: result: yes
configure:3199: checking whether gcc accepts -g
configure:3219: gcc -c -g  conftest.c >&5
configure:3219: $? = 0
configure:3260: result: yes
configure:3277: checking for gcc option to accept ISO C89
configure:3340: gcc  -c -g -O2  conftest.c >&5
configure:3340: $? = 0
configure:3353: result: none needed
configure:3384: checking for style of include used by make
configure:3412: result: GNU
configure:3438: checking dependency style of gcc
configure:3549: result: gcc3
configure:3614: checking for ar
configure:3630: found /usr/bin/ar
configure:3641: result: ar
configure:3667: checking the archiver (ar) interface
configure:3677: gcc -c -g -O2  conftest.c >&5
configure:3677: $? = 0
configure:3679: ar cru libconftest.a conftest.o >&5
configure:3682: $? = 0
configure:3705: result: ar
configure:3768: checking for ranlib
configure:3784: found /usr/bin/ranlib
configure:3795: result: ranlib
configure:3821: checking for doxygen
configure:3851: result: no
configure:3860: WARNING: Doxygen not found - continuing without Doxygen support
configure:3865: checking for bcm2835_init in -lbcm2835
configure:3890: gcc -o conftest -g -O2   conftest.c -lbcm2835   >&5
configure:3890: $? = 0
configure:3899: result: yes
configure:3919: checking how to run the C preprocessor
configure:3950: gcc -E  conftest.c
configure:3950: $? = 0
configure:3964: gcc -E  conftest.c
conftest.c:12:28: fatal error: ac_nonexistent.h: No such file or directory
 #include <ac_nonexistent.h>
                            ^
compilation terminated.
configure:3964: $? = 1
configure: failed program was:
| /* confdefs.h */
| #define PACKAGE_NAME "pi-tm1638"
| #define PACKAGE_TARNAME "pi-tm1638"
| #define PACKAGE_VERSION "1.0"
| #define PACKAGE_STRING "pi-tm1638 1.0"
| #define PACKAGE_BUGREPORT "pi-tm1638@mjo.tc"
| #define PACKAGE_URL ""
| #define PACKAGE "pi-tm1638"
| #define VERSION "1.0"
| #define HAVE_LIBBCM2835 1
| /* end confdefs.h.  */
| #include <ac_nonexistent.h>
configure:3989: result: gcc -E
configure:4009: gcc -E  conftest.c
configure:4009: $? = 0
configure:4023: gcc -E  conftest.c
conftest.c:12:28: fatal error: ac_nonexistent.h: No such file or directory
 #include <ac_nonexistent.h>
                            ^
compilation terminated.
configure:4023: $? = 1
configure: failed program was:
| /* confdefs.h */
| #define PACKAGE_NAME "pi-tm1638"
| #define PACKAGE_TARNAME "pi-tm1638"
| #define PACKAGE_VERSION "1.0"
| #define PACKAGE_STRING "pi-tm1638 1.0"
| #define PACKAGE_BUGREPORT "pi-tm1638@mjo.tc"
| #define PACKAGE_URL ""
| #define PACKAGE "pi-tm1638"
| #define VERSION "1.0"
| #define HAVE_LIBBCM2835 1
| /* end confdefs.h.  */
| #include <ac_nonexistent.h>
configure:4052: checking for grep that handles long lines and -e
configure:4110: result: /bin/grep
configure:4115: checking for egrep
configure:4177: result: /bin/grep -E
configure:4182: checking for ANSI C header files
configure:4202: gcc -c -g -O2  conftest.c >&5
configure:4202: $? = 0
configure:4275: gcc -o conftest -g -O2   conftest.c -lbcm2835  >&5
configure:4275: $? = 0
configure:4275: ./conftest
configure:4275: $? = 0
configure:4286: result: yes
configure:4299: checking for sys/types.h
configure:4299: gcc -c -g -O2  conftest.c >&5
configure:4299: $? = 0
configure:4299: result: yes
configure:4299: checking for sys/stat.h
configure:4299: gcc -c -g -O2  conftest.c >&5
configure:4299: $? = 0
configure:4299: result: yes
configure:4299: checking for stdlib.h
configure:4299: gcc -c -g -O2  conftest.c >&5
configure:4299: $? = 0
configure:4299: result: yes
configure:4299: checking for string.h
configure:4299: gcc -c -g -O2  conftest.c >&5
configure:4299: $? = 0
configure:4299: result: yes
configure:4299: checking for memory.h
configure:4299: gcc -c -g -O2  conftest.c >&5
configure:4299: $? = 0
configure:4299: result: yes
configure:4299: checking for strings.h
configure:4299: gcc -c -g -O2  conftest.c >&5
configure:4299: $? = 0
configure:4299: result: yes
configure:4299: checking for inttypes.h
configure:4299: gcc -c -g -O2  conftest.c >&5
configure:4299: $? = 0
configure:4299: result: yes
configure:4299: checking for stdint.h
configure:4299: gcc -c -g -O2  conftest.c >&5
configure:4299: $? = 0
configure:4299: result: yes
configure:4299: checking for unistd.h
configure:4299: gcc -c -g -O2  conftest.c >&5
configure:4299: $? = 0
configure:4299: result: yes
configure:4314: checking for stdint.h
configure:4314: result: yes
configure:4314: checking for stdlib.h
configure:4314: result: yes
configure:4477: creating ./config.status

## ---------------------- ##
## Running config.status. ##
## ---------------------- ##

This file was extended by pi-tm1638 config.status 1.0, which was
generated by GNU Autoconf 2.69.  Invocation command line was

  CONFIG_FILES    = 
  CONFIG_HEADERS  = 
  CONFIG_LINKS    = 
  CONFIG_COMMANDS = 
  $ ./config.status 

on iepie09876

config.status:861: creating Makefile
config.status:861: creating doc/Makefile
config.status:861: creating examples/Makefile
config.status:861: creating src/Makefile
config.status:861: creating config.h
config.status:1090: executing depfiles commands

## ---------------- ##
## Cache variables. ##
## ---------------- ##

ac_cv_c_compiler_gnu=yes
ac_cv_env_CC_set=
ac_cv_env_CC_value=
ac_cv_env_CFLAGS_set=
ac_cv_env_CFLAGS_value=
ac_cv_env_CPPFLAGS_set=
ac_cv_env_CPPFLAGS_value=
ac_cv_env_CPP_set=
ac_cv_env_CPP_value=
ac_cv_env_LDFLAGS_set=
ac_cv_env_LDFLAGS_value=
ac_cv_env_LIBS_set=
ac_cv_env_LIBS_value=
ac_cv_env_build_alias_set=
ac_cv_env_build_alias_value=
ac_cv_env_host_alias_set=
ac_cv_env_host_alias_value=
ac_cv_env_target_alias_set=
ac_cv_env_target_alias_value=
ac_cv_header_inttypes_h=yes
ac_cv_header_memory_h=yes
ac_cv_header_stdc=yes
ac_cv_header_stdint_h=yes
ac_cv_header_stdlib_h=yes
ac_cv_header_string_h=yes
ac_cv_header_strings_h=yes
ac_cv_header_sys_stat_h=yes
ac_cv_header_sys_types_h=yes
ac_cv_header_unistd_h=yes
ac_cv_lib_bcm2835_bcm2835_init=yes
ac_cv_objext=o
ac_cv_path_EGREP='/bin/grep -E'
ac_cv_path_GREP=/bin/grep
ac_cv_path_install='/usr/bin/install -c'
ac_cv_path_mkdir=/bin/mkdir
ac_cv_prog_AWK=mawk
ac_cv_prog_CPP='gcc -E'
ac_cv_prog_ac_ct_AR=ar
ac_cv_prog_ac_ct_CC=gcc
ac_cv_prog_ac_ct_RANLIB=ranlib
ac_cv_prog_cc_c89=
ac_cv_prog_cc_g=yes
ac_cv_prog_make_make_set=yes
am_cv_CC_dependencies_compiler_type=gcc3
am_cv_ar_interface=ar

## ----------------- ##
## Output variables. ##
## ----------------- ##

ACLOCAL='${SHELL} /root/WiFi_CTF/docs/pi-tm1638-1.0/missing --run aclocal-1.11'
AMDEPBACKSLASH='\'
AMDEP_FALSE='#'
AMDEP_TRUE=''
AMTAR='$${TAR-tar}'
AR='ar'
AUTOCONF='${SHELL} /root/WiFi_CTF/docs/pi-tm1638-1.0/missing --run autoconf'
AUTOHEADER='${SHELL} /root/WiFi_CTF/docs/pi-tm1638-1.0/missing --run autoheader'
AUTOMAKE='${SHELL} /root/WiFi_CTF/docs/pi-tm1638-1.0/missing --run automake-1.11'
AWK='mawk'
CC='gcc'
CCDEPMODE='depmode=gcc3'
CFLAGS='-g -O2'
CPP='gcc -E'
CPPFLAGS=''
CYGPATH_W='echo'
DEFS='-DHAVE_CONFIG_H'
DEPDIR='.deps'
DOXYGEN=''
ECHO_C=''
ECHO_N='-n'
ECHO_T=''
EGREP='/bin/grep -E'
EXEEXT=''
GREP='/bin/grep'
HAVE_DOXYGEN_FALSE=''
HAVE_DOXYGEN_TRUE='#'
INSTALL_DATA='${INSTALL} -m 644'
INSTALL_PROGRAM='${INSTALL}'
INSTALL_SCRIPT='${INSTALL}'
INSTALL_STRIP_PROGRAM='$(install_sh) -c -s'
LDFLAGS=''
LIBOBJS=''
LIBS='-lbcm2835 '
LTLIBOBJS=''
MAKEINFO='${SHELL} /root/WiFi_CTF/docs/pi-tm1638-1.0/missing --run makeinfo'
MKDIR_P='/bin/mkdir -p'
OBJEXT='o'
PACKAGE='pi-tm1638'
PACKAGE_BUGREPORT='pi-tm1638@mjo.tc'
PACKAGE_NAME='pi-tm1638'
PACKAGE_STRING='pi-tm1638 1.0'
PACKAGE_TARNAME='pi-tm1638'
PACKAGE_URL=''
PACKAGE_VERSION='1.0'
PATH_SEPARATOR=':'
RANLIB='ranlib'
SET_MAKE=''
SHELL='/bin/bash'
STRIP=''
VERSION='1.0'
ac_ct_AR='ar'
ac_ct_CC='gcc'
am__EXEEXT_FALSE=''
am__EXEEXT_TRUE='#'
am__fastdepCC_FALSE='#'
am__fastdepCC_TRUE=''
am__include='include'
am__isrc=''
am__leading_dot='.'
am__nodep='_no'
am__quote=''
am__tar='$${TAR-tar} chof - "$$tardir"'
am__untar='$${TAR-tar} xf -'
bindir='${exec_prefix}/bin'
build_alias=''
datadir='${datarootdir}'
datarootdir='${prefix}/share'
docdir='${datarootdir}/doc/${PACKAGE_TARNAME}'
dvidir='${docdir}'
exec_prefix='${prefix}'
host_alias=''
htmldir='${docdir}'
includedir='${prefix}/include'
infodir='${datarootdir}/info'
install_sh='${SHELL} /root/WiFi_CTF/docs/pi-tm1638-1.0/install-sh'
libdir='${exec_prefix}/lib'
libexecdir='${exec_prefix}/libexec'
localedir='${datarootdir}/locale'
localstatedir='${prefix}/var'
mandir='${datarootdir}/man'
mkdir_p='/bin/mkdir -p'
oldincludedir='/usr/include'
pdfdir='${docdir}'
prefix='/usr/local'
program_transform_name='s,x,x,'
psdir='${docdir}'
sbindir='${exec_prefix}/sbin'
sharedstatedir='${prefix}/com'
sysconfdir='${prefix}/etc'
target_alias=''

## ----------- ##
## confdefs.h. ##
## ----------- ##

/* confdefs.h */
#define PACKAGE_NAME "pi-tm1638"
#define PACKAGE_TARNAME "pi-tm1638"
#define PACKAGE_VERSION "1.0"
#define PACKAGE_STRING "pi-tm1638 1.0"
#define PACKAGE_BUGREPORT "pi-tm1638@mjo.tc"
#define PACKAGE_URL ""
#define PACKAGE "pi-tm1638"
#define VERSION "1.0"
#define HAVE_LIBBCM2835 1
#define STDC_HEADERS 1
#define HAVE_SYS_TYPES_H 1
#define HAVE_SYS_STAT_H 1
#define HAVE_STDLIB_H 1
#define HAVE_STRING_H 1
#define HAVE_MEMORY_H 1
#define HAVE_STRINGS_H 1
#define HAVE_INTTYPES_H 1
#define HAVE_STDINT_H 1
#define HAVE_UNISTD_H 1
#define HAVE_STDINT_H 1
#define HAVE_STDLIB_H 1

configure: exit 0
